<?xml version="1.0" encoding="UTF-8"?>
<testng-results skipped="0" failed="0" ignored="0" total="1" passed="1">
  <reporter-output>
  </reporter-output>
  <suite name="Default suite" duration-ms="69" started-at="2018-02-27T02:16:30Z" finished-at="2018-02-27T02:16:30Z">
    <groups>
    </groups>
    <test name="Default test" duration-ms="69" started-at="2018-02-27T02:16:30Z" finished-at="2018-02-27T02:16:30Z">
      <class name="com.qa.test.WelcomeClass">
        <test-method status="PASS" signature="first()[pri:0, instance:com.qa.test.WelcomeClass@28feb3fa]" name="first" duration-ms="22" started-at="2018-02-27T02:16:30Z" finished-at="2018-02-27T02:16:30Z">
          <reporter-output>
          </reporter-output>
        </test-method> <!-- first -->
      </class> <!-- com.qa.test.WelcomeClass -->
    </test> <!-- Default test -->
  </suite> <!-- Default suite -->
</testng-results>
